<?xml version="1.0" encoding="UTF-8"?>
<coverage generated="1762188855812" clover="3.2.0">
  <project timestamp="1762188855812" name="All files">
    <metrics statements="80" coveredstatements="80" conditionals="43" coveredconditionals="42" methods="15" coveredmethods="15" elements="138" coveredelements="137" complexity="0" loc="80" ncloc="80" packages="1" files="4" classes="4"/>
    <file name="MapViewDirections.tsx" path="/Users/tim/Projects/react-native-new-maps-directions/src/MapViewDirections.tsx">
      <metrics statements="43" coveredstatements="43" conditionals="26" coveredconditionals="26" methods="10" coveredmethods="10"/>
      <line num="32" count="2" type="stmt"/>
      <line num="33" count="56" type="stmt"/>
      <line num="36" count="56" type="stmt"/>
      <line num="37" count="56" type="stmt"/>
      <line num="38" count="56" type="stmt"/>
      <line num="40" count="56" type="stmt"/>
      <line num="41" count="2" type="stmt"/>
      <line num="42" count="2" type="stmt"/>
      <line num="43" count="2" type="stmt"/>
      <line num="46" count="56" type="stmt"/>
      <line num="54" count="28" type="stmt"/>
      <line num="63" count="26" type="stmt"/>
      <line num="65" count="1" type="stmt"/>
      <line num="68" count="56" type="stmt"/>
      <line num="77" count="31" type="stmt"/>
      <line num="79" count="31" type="cond" truecount="2" falsecount="0"/>
      <line num="80" count="1" type="stmt"/>
      <line num="81" count="1" type="stmt"/>
      <line num="84" count="30" type="cond" truecount="4" falsecount="0"/>
      <line num="85" count="2" type="stmt"/>
      <line num="88" count="28" type="stmt"/>
      <line num="96" count="26" type="cond" truecount="2" falsecount="0"/>
      <line num="97" count="25" type="stmt"/>
      <line num="98" count="25" type="cond" truecount="2" falsecount="0"/>
      <line num="99" count="23" type="stmt"/>
      <line num="101" count="23" type="stmt"/>
      <line num="105" count="66" type="stmt"/>
      <line num="109" count="23" type="stmt"/>
      <line num="111" count="24" type="stmt"/>
      <line num="113" count="24" type="cond" truecount="2" falsecount="0"/>
      <line num="114" count="1" type="stmt"/>
      <line num="117" count="24" type="cond" truecount="2" falsecount="0"/>
      <line num="118" count="1" type="stmt"/>
      <line num="120" count="24" type="stmt"/>
      <line num="123" count="2" type="cond" truecount="2" falsecount="0"/>
      <line num="124" count="1" type="stmt"/>
      <line num="129" count="56" type="stmt"/>
      <line num="130" count="31" type="cond" truecount="2" falsecount="0"/>
      <line num="131" count="2" type="stmt"/>
      <line num="133" count="31" type="stmt"/>
      <line num="137" count="56" type="cond" truecount="2" falsecount="0"/>
      <line num="138" count="27" type="stmt"/>
      <line num="141" count="29" type="stmt"/>
    </file>
    <file name="index.ts" path="/Users/tim/Projects/react-native-new-maps-directions/src/index.ts">
      <metrics statements="0" coveredstatements="0" conditionals="0" coveredconditionals="0" methods="0" coveredmethods="0"/>
    </file>
    <file name="route-service.ts" path="/Users/tim/Projects/react-native-new-maps-directions/src/route-service.ts">
      <metrics statements="37" coveredstatements="37" conditionals="17" coveredconditionals="16" methods="5" coveredmethods="5"/>
      <line num="10" count="19" type="stmt"/>
      <line num="11" count="11" type="stmt"/>
      <line num="43" count="11" type="stmt"/>
      <line num="44" count="11" type="stmt"/>
      <line num="50" count="11" type="stmt"/>
      <line num="53" count="11" type="stmt"/>
      <line num="57" count="10" type="stmt"/>
      <line num="58" count="2" type="stmt"/>
      <line num="60" count="9" type="stmt"/>
      <line num="64" count="8" type="stmt"/>
      <line num="65" count="8" type="stmt"/>
      <line num="66" count="8" type="stmt"/>
      <line num="67" count="8" type="stmt"/>
      <line num="68" count="8" type="stmt"/>
      <line num="69" count="8" type="stmt"/>
      <line num="70" count="8" type="stmt"/>
      <line num="73" count="8" type="cond" truecount="2" falsecount="0"/>
      <line num="78" count="8" type="stmt"/>
      <line num="80" count="19" type="stmt"/>
      <line num="81" count="19" type="stmt"/>
      <line num="82" count="19" type="stmt"/>
      <line num="84" count="19" type="stmt"/>
      <line num="85" count="53" type="stmt"/>
      <line num="86" count="53" type="stmt"/>
      <line num="87" count="53" type="stmt"/>
      <line num="90" count="19" type="cond" truecount="2" falsecount="0"/>
      <line num="92" count="19" type="stmt"/>
      <line num="93" count="19" type="stmt"/>
      <line num="95" count="19" type="stmt"/>
      <line num="96" count="59" type="stmt"/>
      <line num="97" count="59" type="stmt"/>
      <line num="98" count="59" type="stmt"/>
      <line num="101" count="19" type="cond" truecount="2" falsecount="0"/>
      <line num="103" count="19" type="stmt"/>
      <line num="104" count="19" type="stmt"/>
      <line num="106" count="19" type="stmt"/>
      <line num="109" count="8" type="stmt"/>
    </file>
    <file name="types.ts" path="/Users/tim/Projects/react-native-new-maps-directions/src/types.ts">
      <metrics statements="0" coveredstatements="0" conditionals="0" coveredconditionals="0" methods="0" coveredmethods="0"/>
    </file>
  </project>
</coverage>
