{"/Users/tim/Projects/react-native-new-maps-directions/src/MapViewDirections.tsx": {"path":"/Users/tim/Projects/react-native-new-maps-directions/src/MapViewDirections.tsx","statementMap":{"0":{"start":{"line":32,"column":67},"end":{"line":142,"column":1}},"1":{"start":{"line":33,"column":40},"end":{"line":35,"column":9}},"2":{"start":{"line":36,"column":26},"end":{"line":36,"column":55}},"3":{"start":{"line":37,"column":26},"end":{"line":37,"column":55}},"4":{"start":{"line":38,"column":27},"end":{"line":38,"column":45}},"5":{"start":{"line":40,"column":21},"end":{"line":44,"column":3}},"6":{"start":{"line":41,"column":4},"end":{"line":41,"column":25}},"7":{"start":{"line":42,"column":4},"end":{"line":42,"column":22}},"8":{"start":{"line":43,"column":4},"end":{"line":43,"column":22}},"9":{"start":{"line":46,"column":21},"end":{"line":66,"column":3}},"10":{"start":{"line":54,"column":4},"end":{"line":65,"column":78}},"11":{"start":{"line":63,"column":8},"end":{"line":63,"column":34}},"12":{"start":{"line":65,"column":22},"end":{"line":65,"column":76}},"13":{"start":{"line":68,"column":30},"end":{"line":127,"column":3}},"14":{"start":{"line":77,"column":8},"end":{"line":77,"column":13}},"15":{"start":{"line":79,"column":4},"end":{"line":82,"column":5}},"16":{"start":{"line":80,"column":6},"end":{"line":80,"column":63}},"17":{"start":{"line":81,"column":6},"end":{"line":81,"column":13}},"18":{"start":{"line":84,"column":4},"end":{"line":86,"column":5}},"19":{"start":{"line":85,"column":6},"end":{"line":85,"column":13}},"20":{"start":{"line":88,"column":4},"end":{"line":126,"column":9}},"21":{"start":{"line":96,"column":8},"end":{"line":96,"column":30}},"22":{"start":{"line":96,"column":23},"end":{"line":96,"column":30}},"23":{"start":{"line":97,"column":45},"end":{"line":97,"column":53}},"24":{"start":{"line":98,"column":8},"end":{"line":110,"column":9}},"25":{"start":{"line":99,"column":10},"end":{"line":99,"column":61}},"26":{"start":{"line":101,"column":34},"end":{"line":103,"column":11}},"27":{"start":{"line":105,"column":34},"end":{"line":108,"column":13}},"28":{"start":{"line":105,"column":66},"end":{"line":108,"column":11}},"29":{"start":{"line":109,"column":10},"end":{"line":109,"column":42}},"30":{"start":{"line":111,"column":8},"end":{"line":111,"column":36}},"31":{"start":{"line":113,"column":8},"end":{"line":115,"column":9}},"32":{"start":{"line":114,"column":10},"end":{"line":114,"column":53}},"33":{"start":{"line":117,"column":8},"end":{"line":119,"column":9}},"34":{"start":{"line":118,"column":10},"end":{"line":118,"column":28}},"35":{"start":{"line":120,"column":8},"end":{"line":120,"column":49}},"36":{"start":{"line":123,"column":8},"end":{"line":125,"column":9}},"37":{"start":{"line":124,"column":10},"end":{"line":124,"column":23}},"38":{"start":{"line":129,"column":2},"end":{"line":135,"column":72}},"39":{"start":{"line":130,"column":4},"end":{"line":132,"column":5}},"40":{"start":{"line":131,"column":6},"end":{"line":131,"column":19}},"41":{"start":{"line":133,"column":4},"end":{"line":133,"column":31}},"42":{"start":{"line":137,"column":2},"end":{"line":139,"column":3}},"43":{"start":{"line":138,"column":4},"end":{"line":138,"column":16}},"44":{"start":{"line":141,"column":2},"end":{"line":141,"column":62}}},"fnMap":{"0":{"name":"(anonymous_0)","decl":{"start":{"line":32,"column":67},"end":{"line":32,"column":68}},"loc":{"start":{"line":32,"column":78},"end":{"line":142,"column":1}},"line":32},"1":{"name":"(anonymous_1)","decl":{"start":{"line":40,"column":21},"end":{"line":40,"column":22}},"loc":{"start":{"line":40,"column":27},"end":{"line":44,"column":3}},"line":40},"2":{"name":"(anonymous_2)","decl":{"start":{"line":46,"column":21},"end":{"line":46,"column":22}},"loc":{"start":{"line":53,"column":7},"end":{"line":66,"column":3}},"line":53},"3":{"name":"(anonymous_3)","decl":{"start":{"line":62,"column":12},"end":{"line":62,"column":13}},"loc":{"start":{"line":62,"column":26},"end":{"line":64,"column":7}},"line":62},"4":{"name":"(anonymous_4)","decl":{"start":{"line":65,"column":13},"end":{"line":65,"column":14}},"loc":{"start":{"line":65,"column":22},"end":{"line":65,"column":76}},"line":65},"5":{"name":"(anonymous_5)","decl":{"start":{"line":68,"column":30},"end":{"line":68,"column":31}},"loc":{"start":{"line":68,"column":71},"end":{"line":127,"column":3}},"line":68},"6":{"name":"(anonymous_6)","decl":{"start":{"line":95,"column":12},"end":{"line":95,"column":13}},"loc":{"start":{"line":95,"column":26},"end":{"line":121,"column":7}},"line":95},"7":{"name":"(anonymous_7)","decl":{"start":{"line":105,"column":54},"end":{"line":105,"column":55}},"loc":{"start":{"line":105,"column":66},"end":{"line":108,"column":11}},"line":105},"8":{"name":"(anonymous_8)","decl":{"start":{"line":122,"column":13},"end":{"line":122,"column":14}},"loc":{"start":{"line":122,"column":22},"end":{"line":126,"column":7}},"line":122},"9":{"name":"(anonymous_9)","decl":{"start":{"line":129,"column":12},"end":{"line":129,"column":13}},"loc":{"start":{"line":129,"column":18},"end":{"line":135,"column":3}},"line":129}},"branchMap":{"0":{"loc":{"start":{"line":51,"column":4},"end":{"line":51,"column":34}},"type":"default-arg","locations":[{"start":{"line":51,"column":27},"end":{"line":51,"column":34}}],"line":51},"1":{"loc":{"start":{"line":52,"column":4},"end":{"line":52,"column":28}},"type":"default-arg","locations":[{"start":{"line":52,"column":20},"end":{"line":52,"column":28}}],"line":52},"2":{"loc":{"start":{"line":79,"column":4},"end":{"line":82,"column":5}},"type":"if","locations":[{"start":{"line":79,"column":4},"end":{"line":82,"column":5}},{"start":{},"end":{}}],"line":79},"3":{"loc":{"start":{"line":84,"column":4},"end":{"line":86,"column":5}},"type":"if","locations":[{"start":{"line":84,"column":4},"end":{"line":86,"column":5}},{"start":{},"end":{}}],"line":84},"4":{"loc":{"start":{"line":84,"column":8},"end":{"line":84,"column":45}},"type":"binary-expr","locations":[{"start":{"line":84,"column":8},"end":{"line":84,"column":22}},{"start":{"line":84,"column":26},"end":{"line":84,"column":45}}],"line":84},"5":{"loc":{"start":{"line":96,"column":8},"end":{"line":96,"column":30}},"type":"if","locations":[{"start":{"line":96,"column":8},"end":{"line":96,"column":30}},{"start":{},"end":{}}],"line":96},"6":{"loc":{"start":{"line":98,"column":8},"end":{"line":110,"column":9}},"type":"if","locations":[{"start":{"line":98,"column":8},"end":{"line":110,"column":9}},{"start":{},"end":{}}],"line":98},"7":{"loc":{"start":{"line":106,"column":22},"end":{"line":106,"column":35}},"type":"binary-expr","locations":[{"start":{"line":106,"column":22},"end":{"line":106,"column":30}},{"start":{"line":106,"column":34},"end":{"line":106,"column":35}}],"line":106},"8":{"loc":{"start":{"line":107,"column":23},"end":{"line":107,"column":36}},"type":"binary-expr","locations":[{"start":{"line":107,"column":23},"end":{"line":107,"column":31}},{"start":{"line":107,"column":35},"end":{"line":107,"column":36}}],"line":107},"9":{"loc":{"start":{"line":113,"column":8},"end":{"line":115,"column":9}},"type":"if","locations":[{"start":{"line":113,"column":8},"end":{"line":115,"column":9}},{"start":{},"end":{}}],"line":113},"10":{"loc":{"start":{"line":117,"column":8},"end":{"line":119,"column":9}},"type":"if","locations":[{"start":{"line":117,"column":8},"end":{"line":119,"column":9}},{"start":{},"end":{}}],"line":117},"11":{"loc":{"start":{"line":123,"column":8},"end":{"line":125,"column":9}},"type":"if","locations":[{"start":{"line":123,"column":8},"end":{"line":125,"column":9}},{"start":{},"end":{}}],"line":123},"12":{"loc":{"start":{"line":130,"column":4},"end":{"line":132,"column":5}},"type":"if","locations":[{"start":{"line":130,"column":4},"end":{"line":132,"column":5}},{"start":{},"end":{}}],"line":130},"13":{"loc":{"start":{"line":137,"column":2},"end":{"line":139,"column":3}},"type":"if","locations":[{"start":{"line":137,"column":2},"end":{"line":139,"column":3}},{"start":{},"end":{}}],"line":137}},"s":{"0":2,"1":56,"2":56,"3":56,"4":56,"5":56,"6":2,"7":2,"8":2,"9":56,"10":28,"11":26,"12":1,"13":56,"14":31,"15":31,"16":1,"17":1,"18":30,"19":2,"20":28,"21":26,"22":1,"23":25,"24":25,"25":23,"26":23,"27":23,"28":66,"29":23,"30":24,"31":24,"32":1,"33":24,"34":1,"35":24,"36":2,"37":1,"38":56,"39":31,"40":2,"41":31,"42":56,"43":27,"44":29},"f":{"0":56,"1":2,"2":28,"3":26,"4":1,"5":31,"6":26,"7":66,"8":2,"9":31},"b":{"0":[27],"1":[28],"2":[1,30],"3":[2,28],"4":[30,29],"5":[1,25],"6":[23,1],"7":[66,2],"8":[66,2],"9":[1,23],"10":[1,23],"11":[1,1],"12":[2,29],"13":[27,29]},"_coverageSchema":"1a1c01bbd47fc00a2c39e90264f33305004495a9","hash":"6f8767460e1e4d60d803f963e52b56a52a043a6d"}
,"/Users/tim/Projects/react-native-new-maps-directions/src/index.ts": {"path":"/Users/tim/Projects/react-native-new-maps-directions/src/index.ts","statementMap":{},"fnMap":{},"branchMap":{},"s":{},"f":{},"b":{},"_coverageSchema":"1a1c01bbd47fc00a2c39e90264f33305004495a9","hash":"297648299dd4e564c8acce10ae974d4917ce30d7"}
,"/Users/tim/Projects/react-native-new-maps-directions/src/route-service.ts": {"path":"/Users/tim/Projects/react-native-new-maps-directions/src/route-service.ts","statementMap":{"0":{"start":{"line":10,"column":29},"end":{"line":36,"column":3}},"1":{"start":{"line":11,"column":4},"end":{"line":35,"column":6}},"2":{"start":{"line":43,"column":6},"end":{"line":43,"column":65}},"3":{"start":{"line":44,"column":32},"end":{"line":48,"column":5}},"4":{"start":{"line":50,"column":24},"end":{"line":50,"column":54}},"5":{"start":{"line":53,"column":17},"end":{"line":59,"column":6}},"6":{"start":{"line":57,"column":26},"end":{"line":57,"column":41}},"7":{"start":{"line":58,"column":6},"end":{"line":58,"column":70}},"8":{"start":{"line":60,"column":4},"end":{"line":60,"column":16}},"9":{"start":{"line":64,"column":16},"end":{"line":64,"column":17}},"10":{"start":{"line":65,"column":12},"end":{"line":65,"column":13}},"11":{"start":{"line":66,"column":12},"end":{"line":66,"column":13}},"12":{"start":{"line":67,"column":20},"end":{"line":67,"column":22}},"13":{"start":{"line":68,"column":14},"end":{"line":68,"column":15}},"14":{"start":{"line":69,"column":15},"end":{"line":69,"column":16}},"15":{"start":{"line":70,"column":13},"end":{"line":70,"column":17}},"16":{"start":{"line":73,"column":15},"end":{"line":73,"column":72}},"17":{"start":{"line":78,"column":4},"end":{"line":107,"column":5}},"18":{"start":{"line":80,"column":6},"end":{"line":80,"column":18}},"19":{"start":{"line":81,"column":6},"end":{"line":81,"column":16}},"20":{"start":{"line":82,"column":6},"end":{"line":82,"column":17}},"21":{"start":{"line":84,"column":6},"end":{"line":88,"column":29}},"22":{"start":{"line":85,"column":8},"end":{"line":85,"column":44}},"23":{"start":{"line":86,"column":8},"end":{"line":86,"column":40}},"24":{"start":{"line":87,"column":8},"end":{"line":87,"column":20}},"25":{"start":{"line":90,"column":6},"end":{"line":90,"column":68}},"26":{"start":{"line":92,"column":6},"end":{"line":92,"column":16}},"27":{"start":{"line":93,"column":6},"end":{"line":93,"column":17}},"28":{"start":{"line":95,"column":6},"end":{"line":99,"column":29}},"29":{"start":{"line":96,"column":8},"end":{"line":96,"column":44}},"30":{"start":{"line":97,"column":8},"end":{"line":97,"column":40}},"31":{"start":{"line":98,"column":8},"end":{"line":98,"column":20}},"32":{"start":{"line":101,"column":6},"end":{"line":101,"column":69}},"33":{"start":{"line":103,"column":6},"end":{"line":103,"column":29}},"34":{"start":{"line":104,"column":6},"end":{"line":104,"column":30}},"35":{"start":{"line":106,"column":6},"end":{"line":106,"column":53}},"36":{"start":{"line":109,"column":4},"end":{"line":109,"column":23}}},"fnMap":{"0":{"name":"(anonymous_0)","decl":{"start":{"line":10,"column":29},"end":{"line":10,"column":30}},"loc":{"start":{"line":10,"column":68},"end":{"line":36,"column":3}},"line":10},"1":{"name":"(anonymous_1)","decl":{"start":{"line":38,"column":2},"end":{"line":38,"column":3}},"loc":{"start":{"line":41,"column":31},"end":{"line":61,"column":3}},"line":41},"2":{"name":"(anonymous_2)","decl":{"start":{"line":57,"column":12},"end":{"line":57,"column":13}},"loc":{"start":{"line":57,"column":26},"end":{"line":57,"column":41}},"line":57},"3":{"name":"(anonymous_3)","decl":{"start":{"line":57,"column":49},"end":{"line":57,"column":50}},"loc":{"start":{"line":57,"column":60},"end":{"line":59,"column":5}},"line":57},"4":{"name":"(anonymous_4)","decl":{"start":{"line":63,"column":2},"end":{"line":63,"column":3}},"loc":{"start":{"line":63,"column":60},"end":{"line":110,"column":3}},"line":63}},"branchMap":{"0":{"loc":{"start":{"line":29,"column":8},"end":{"line":30,"column":56}},"type":"binary-expr","locations":[{"start":{"line":29,"column":8},"end":{"line":29,"column":33}},{"start":{"line":30,"column":8},"end":{"line":30,"column":56}}],"line":29},"1":{"loc":{"start":{"line":31,"column":18},"end":{"line":31,"column":74}},"type":"binary-expr","locations":[{"start":{"line":31,"column":18},"end":{"line":31,"column":36}},{"start":{"line":31,"column":40},"end":{"line":31,"column":74}}],"line":31},"2":{"loc":{"start":{"line":32,"column":13},"end":{"line":32,"column":38}},"type":"binary-expr","locations":[{"start":{"line":32,"column":13},"end":{"line":32,"column":26}},{"start":{"line":32,"column":30},"end":{"line":32,"column":38}}],"line":32},"3":{"loc":{"start":{"line":33,"column":20},"end":{"line":33,"column":51}},"type":"binary-expr","locations":[{"start":{"line":33,"column":20},"end":{"line":33,"column":40}},{"start":{"line":33,"column":44},"end":{"line":33,"column":51}}],"line":33},"4":{"loc":{"start":{"line":34,"column":32},"end":{"line":34,"column":73}},"type":"binary-expr","locations":[{"start":{"line":34,"column":32},"end":{"line":34,"column":64}},{"start":{"line":34,"column":68},"end":{"line":34,"column":73}}],"line":34},"5":{"loc":{"start":{"line":63,"column":37},"end":{"line":63,"column":58}},"type":"default-arg","locations":[{"start":{"line":63,"column":57},"end":{"line":63,"column":58}}],"line":63},"6":{"loc":{"start":{"line":73,"column":28},"end":{"line":73,"column":71}},"type":"cond-expr","locations":[{"start":{"line":73,"column":58},"end":{"line":73,"column":67}},{"start":{"line":73,"column":70},"end":{"line":73,"column":71}}],"line":73},"7":{"loc":{"start":{"line":90,"column":24},"end":{"line":90,"column":67}},"type":"cond-expr","locations":[{"start":{"line":90,"column":37},"end":{"line":90,"column":54}},{"start":{"line":90,"column":57},"end":{"line":90,"column":67}}],"line":90},"8":{"loc":{"start":{"line":101,"column":25},"end":{"line":101,"column":68}},"type":"cond-expr","locations":[{"start":{"line":101,"column":38},"end":{"line":101,"column":55}},{"start":{"line":101,"column":58},"end":{"line":101,"column":68}}],"line":101}},"s":{"0":19,"1":11,"2":11,"3":11,"4":11,"5":11,"6":10,"7":2,"8":9,"9":8,"10":8,"11":8,"12":8,"13":8,"14":8,"15":8,"16":8,"17":8,"18":19,"19":19,"20":19,"21":19,"22":53,"23":53,"24":53,"25":19,"26":19,"27":19,"28":19,"29":59,"30":59,"31":59,"32":19,"33":19,"34":19,"35":19,"36":8},"f":{"0":11,"1":11,"2":10,"3":2,"4":8},"b":{"0":[11,10],"1":[11,7],"2":[11,0],"3":[11,10],"4":[11,10],"5":[5],"6":[7,1],"7":[8,11],"8":[18,1]},"_coverageSchema":"1a1c01bbd47fc00a2c39e90264f33305004495a9","hash":"6449dc901275ef95e42a7eb5103c6b4d441d6457"}
,"/Users/tim/Projects/react-native-new-maps-directions/src/types.ts": {"path":"/Users/tim/Projects/react-native-new-maps-directions/src/types.ts","statementMap":{},"fnMap":{},"branchMap":{},"s":{},"f":{},"b":{},"_coverageSchema":"1a1c01bbd47fc00a2c39e90264f33305004495a9","hash":"a219d9021e13bf05bc0241556cacb956b56b80df"}
}
