TN:
SF:src/MapViewDirections.tsx
FN:32,(anonymous_0)
FN:40,(anonymous_1)
FN:46,(anonymous_2)
FN:62,(anonymous_3)
FN:65,(anonymous_4)
FN:68,(anonymous_5)
FN:95,(anonymous_6)
FN:105,(anonymous_7)
FN:122,(anonymous_8)
FN:129,(anonymous_9)
FNF:10
FNH:10
FNDA:56,(anonymous_0)
FNDA:2,(anonymous_1)
FNDA:28,(anonymous_2)
FNDA:26,(anonymous_3)
FNDA:1,(anonymous_4)
FNDA:31,(anonymous_5)
FNDA:26,(anonymous_6)
FNDA:66,(anonymous_7)
FNDA:2,(anonymous_8)
FNDA:31,(anonymous_9)
DA:32,2
DA:33,56
DA:36,56
DA:37,56
DA:38,56
DA:40,56
DA:41,2
DA:42,2
DA:43,2
DA:46,56
DA:54,28
DA:63,26
DA:65,1
DA:68,56
DA:77,31
DA:79,31
DA:80,1
DA:81,1
DA:84,30
DA:85,2
DA:88,28
DA:96,26
DA:97,25
DA:98,25
DA:99,23
DA:101,23
DA:105,66
DA:109,23
DA:111,24
DA:113,24
DA:114,1
DA:117,24
DA:118,1
DA:120,24
DA:123,2
DA:124,1
DA:129,56
DA:130,31
DA:131,2
DA:133,31
DA:137,56
DA:138,27
DA:141,29
LF:43
LH:43
BRDA:51,0,0,27
BRDA:52,1,0,28
BRDA:79,2,0,1
BRDA:79,2,1,30
BRDA:84,3,0,2
BRDA:84,3,1,28
BRDA:84,4,0,30
BRDA:84,4,1,29
BRDA:96,5,0,1
BRDA:96,5,1,25
BRDA:98,6,0,23
BRDA:98,6,1,1
BRDA:106,7,0,66
BRDA:106,7,1,2
BRDA:107,8,0,66
BRDA:107,8,1,2
BRDA:113,9,0,1
BRDA:113,9,1,23
BRDA:117,10,0,1
BRDA:117,10,1,23
BRDA:123,11,0,1
BRDA:123,11,1,1
BRDA:130,12,0,2
BRDA:130,12,1,29
BRDA:137,13,0,27
BRDA:137,13,1,29
BRF:26
BRH:26
end_of_record
TN:
SF:src/index.ts
FNF:0
FNH:0
LF:0
LH:0
BRF:0
BRH:0
end_of_record
TN:
SF:src/route-service.ts
FN:10,(anonymous_0)
FN:38,(anonymous_1)
FN:57,(anonymous_2)
FN:57,(anonymous_3)
FN:63,(anonymous_4)
FNF:5
FNH:5
FNDA:11,(anonymous_0)
FNDA:11,(anonymous_1)
FNDA:10,(anonymous_2)
FNDA:2,(anonymous_3)
FNDA:8,(anonymous_4)
DA:10,19
DA:11,11
DA:43,11
DA:44,11
DA:50,11
DA:53,11
DA:57,10
DA:58,2
DA:60,9
DA:64,8
DA:65,8
DA:66,8
DA:67,8
DA:68,8
DA:69,8
DA:70,8
DA:73,8
DA:78,8
DA:80,19
DA:81,19
DA:82,19
DA:84,19
DA:85,53
DA:86,53
DA:87,53
DA:90,19
DA:92,19
DA:93,19
DA:95,19
DA:96,59
DA:97,59
DA:98,59
DA:101,19
DA:103,19
DA:104,19
DA:106,19
DA:109,8
LF:37
LH:37
BRDA:29,0,0,11
BRDA:29,0,1,10
BRDA:31,1,0,11
BRDA:31,1,1,7
BRDA:32,2,0,11
BRDA:32,2,1,0
BRDA:33,3,0,11
BRDA:33,3,1,10
BRDA:34,4,0,11
BRDA:34,4,1,10
BRDA:63,5,0,5
BRDA:73,6,0,7
BRDA:73,6,1,1
BRDA:90,7,0,8
BRDA:90,7,1,11
BRDA:101,8,0,18
BRDA:101,8,1,1
BRF:17
BRH:16
end_of_record
TN:
SF:src/types.ts
FNF:0
FNH:0
LF:0
LH:0
BRF:0
BRH:0
end_of_record
